#
# A fatal error has been detected by the Java Runtime Environment:
#
#  EXCEPTION_ACCESS_VIOLATION (0xc0000005) at pc=0x605fa19a, pid=3180, tid=9180
#
# JRE version: Java(TM) SE Runtime Environment (8.0_31-b13) (build 1.8.0_31-b13)
# Java VM: Java HotSpot(TM) Client VM (25.31-b07 mixed mode windows-x86 )
# Problematic frame:
# V  [jvm.dll+0x9a19a]
#
# Failed to write core dump. Minidumps are not enabled by default on client versions of Windows
#
# If you would like to submit a bug report, please visit:
#   http://bugreport.java.com/bugreport/crash.jsp
#

---------------  T H R E A D  ---------------

Current thread (0x14ad8000):  VMThread [stack: 0x14ea0000,0x14ef0000] [id=9180]

siginfo: ExceptionCode=0xc0000005, reading address 0x00000074

Registers:
EAX=0x00000000, EBX=0x14eef16c, ECX=0x00890088, EDX=0x00000003
ESP=0x14eef120, EBP=0x14eef148, ESI=0x0a292fe8, EDI=0x00100016
EIP=0x605fa19a, EFLAGS=0x00010246

Top of Stack: (sp=0x14eef120)
0x14eef120:   004758a0 14eef16c 00000001 004758a0
0x14eef130:   0ab08ce0 09e8f968 0a292fe8 09cd8360
0x14eef140:   00000000 0a237188 14eef15c 605ee892
0x14eef150:   14eef16c 004724a0 004724a0 14eef178
0x14eef160:   605ed35c 14eef16c 004724a0 00471850
0x14eef170:   004758a0 0a237200 14eef264 605f022b
0x14eef180:   14ad7228 004e58e8 00471850 6082175c
0x14eef190:   00470100 004e58e8 00000001 00bef6e6 

Instructions: (pc=0x605fa19a)
0x605fa17a:   83 e1 3f d3 e7 4a c1 f8 10 25 ff 00 00 00 03 fa
0x605fa18a:   03 f8 f7 d2 c1 ef 02 c1 ea 02 23 fa eb 0a 8b 01
0x605fa19a:   8b 50 74 56 ff d2 8b f8 ff 75 fc 8b 4b 04 8b 01
0x605fa1aa:   8b 90 ac 00 00 00 53 57 56 ff d2 8d 34 be 89 45 


Register to memory mapping:

EAX=0x00000000 is an unknown value
EBX=0x14eef16c is an unknown value
ECX=0x00890088 is an unknown value
EDX=0x00000003 is an unknown value
ESP=0x14eef120 is an unknown value
EBP=0x14eef148 is an unknown value
ESI=
[error occurred during error reporting (printing register info), id 0xc0000005]

Stack: [0x14ea0000,0x14ef0000],  sp=0x14eef120,  free space=316k
Native frames: (J=compiled Java code, j=interpreted, Vv=VM code, C=native code)
V  [jvm.dll+0x9a19a]
V  [jvm.dll+0x8e892]
V  [jvm.dll+0x8d35c]
V  [jvm.dll+0x9022b]
V  [jvm.dll+0x8f06f]
V  [jvm.dll+0x9aec3]
V  [jvm.dll+0x8db73]
V  [jvm.dll+0x87f85]
V  [jvm.dll+0x1a66e6]
V  [jvm.dll+0x16f53b]
V  [jvm.dll+0x16e901]
V  [jvm.dll+0x16ed17]
V  [jvm.dll+0x16ef12]
V  [jvm.dll+0x1af0a6]
C  [msvcr100.dll+0x5c556]
C  [msvcr100.dll+0x5c600]
C  [kernel32.dll+0x13677]
C  [ntdll.dll+0x39d72]
C  [ntdll.dll+0x39d45]

VM_Operation (0x1790ea00): GenCollectForAllocation, mode: safepoint, requested by thread 0x16605000


---------------  P R O C E S S  ---------------

Java Threads: ( => current thread )
  0x16605000 JavaThread "http-nio-8888-exec-1" daemon [_thread_blocked, id=1100, stack(0x178c0000,0x17910000)]
  0x0031e000 JavaThread "DestroyJavaVM" [_thread_blocked, id=7804, stack(0x02270000,0x022c0000)]
  0x16602c00 JavaThread "http-nio-8888-Acceptor-0" daemon [_thread_in_native, id=2440, stack(0x17820000,0x17870000)]
  0x16602400 JavaThread "http-nio-8888-ClientPoller-1" daemon [_thread_in_native, id=5908, stack(0x16d90000,0x16de0000)]
  0x1661e800 JavaThread "http-nio-8888-ClientPoller-0" daemon [_thread_in_native, id=8280, stack(0x17620000,0x17670000)]
  0x165ff800 JavaThread "NioBlockingSelector.BlockPoller-1" daemon [_thread_in_native, id=6980, stack(0x17460000,0x174b0000)]
  0x16261800 JavaThread "container-0" [_thread_blocked, id=8472, stack(0x151e0000,0x15230000)]
  0x16260c00 JavaThread "ContainerBackgroundProcessor[StandardEngine[Tomcat].StandardHost[localhost].StandardContext[]]" daemon [_thread_blocked, id=7720, stack(0x16de0000,0x16e30000)]
  0x163e3000 JavaThread "localhost-startStop-1" daemon [_thread_blocked, id=7144, stack(0x16e50000,0x16ea0000)]
  0x163cac00 JavaThread "Tomcat-startStop-1" daemon [_thread_blocked, id=2456, stack(0x16d40000,0x16d90000)]
  0x14b40800 JavaThread "Service Thread" daemon [_thread_blocked, id=6244, stack(0x15300000,0x15350000)]
  0x14b17400 JavaThread "C1 CompilerThread0" daemon [_thread_blocked, id=7664, stack(0x15080000,0x150d0000)]
  0x14b16400 JavaThread "Attach Listener" daemon [_thread_blocked, id=3988, stack(0x14d80000,0x14dd0000)]
  0x14b13400 JavaThread "Signal Dispatcher" daemon [_thread_blocked, id=8520, stack(0x14e40000,0x14e90000)]
  0x14ae1c00 JavaThread "Finalizer" daemon [_thread_blocked, id=6812, stack(0x150d0000,0x15120000)]
  0x14add000 JavaThread "Reference Handler" daemon [_thread_blocked, id=8152, stack(0x14de0000,0x14e30000)]

Other Threads:
=>0x14ad8000 VMThread [stack: 0x14ea0000,0x14ef0000] [id=9180]
  0x14b41c00 WatcherThread [stack: 0x15430000,0x15480000] [id=8844]

VM state:at safepoint (normal execution)

VM Mutex/Monitor currently owned by a thread:  ([mutex/lock_event])
[0x0031c250] Threads_lock - owner thread: 0x14ad8000
[0x0031c660] Heap_lock - owner thread: 0x16605000

Heap:
 def new generation   total 7296K, used 768K [0x04600000, 0x04de0000, 0x09b50000)
  eden space 6528K,   0% used [0x04600000, 0x04600000, 0x04c60000)
  from space 768K, 100% used [0x04c60000, 0x04d20000, 0x04d20000)
  to   space 768K,   0% used [0x04d20000, 0x04d20000, 0x04de0000)
 tenured generation   total 16196K, used 16099K [0x09b50000, 0x0ab21000, 0x14600000)
   the space 16196K,  99% used [0x09b50000, 0x0ab08ce0, 0x0a237200, 0x0ab21000)
 Metaspace       used 16196K, capacity 16358K, committed 16512K, reserved 16768K

Card table byte_map: [0x021c0000,0x02250000] byte_map_base: 0x0219d000

Polling page: 0x001c0000

CodeCache: size=32768Kb used=3163Kb max_used=3163Kb free=29605Kb
 bounds [0x025d0000, 0x028e8000, 0x045d0000]
 total_blobs=1810 nmethods=1624 adapters=117
 compilation: enabled

Compilation events (10 events):
Event: 2.798 Thread 0x14b17400 1660             org.apache.tomcat.util.modeler.FeatureInfo::<init> (25 bytes)
Event: 2.798 Thread 0x14b17400 nmethod 1660 0x028e6808 code [0x028e6900, 0x028e69c0]
Event: 2.798 Thread 0x14b17400 1661             org.apache.tomcat.util.modeler.FeatureInfo::setName (6 bytes)
Event: 2.798 Thread 0x14b17400 nmethod 1661 0x028e6a08 code [0x028e6b00, 0x028e6b90]
Event: 2.798 Thread 0x14b17400 1662             org.apache.tomcat.util.modeler.FeatureInfo::setDescription (6 bytes)
Event: 2.798 Thread 0x14b17400 nmethod 1662 0x028e6bc8 code [0x028e6cc0, 0x028e6d50]
Event: 2.828 Thread 0x14b17400 1663             org.springframework.core.ResolvableType::forType (7 bytes)
Event: 2.828 Thread 0x14b17400 nmethod 1663 0x028e7188 code [0x028e7280, 0x028e730c]
Event: 3.806 Thread 0x14b17400 1664             java.util.logging.LogManager$LoggerContext::getOwner (5 bytes)
Event: 3.806 Thread 0x14b17400 nmethod 1664 0x028e7388 code [0x028e7480, 0x028e7500]

GC Heap History (10 events):
Event: 2.585 GC heap after
Heap after GC invocations=42 (full 1):
 def new generation   total 7296K, used 659K [0x04600000, 0x04de0000, 0x09b50000)
  eden space 6528K,   0% used [0x04600000, 0x04600000, 0x04c60000)
  from space 768K,  85% used [0x04d20000, 0x04dc4d90, 0x04de0000)
  to   space 768K,   0% used [0x04c60000, 0x04c60000, 0x04d20000)
 tenured generation   total 16068K, used 12901K [0x09b50000, 0x0ab01000, 0x14600000)
   the space 16068K,  80% used [0x09b50000, 0x0a7e9640, 0x0a7e9800, 0x0ab01000)
 Metaspace       used 14855K, capacity 14997K, committed 15104K, reserved 15744K
}
Event: 2.639 GC heap before
{Heap before GC invocations=42 (full 1):
 def new generation   total 7296K, used 7187K [0x04600000, 0x04de0000, 0x09b50000)
  eden space 6528K, 100% used [0x04600000, 0x04c60000, 0x04c60000)
  from space 768K,  85% used [0x04d20000, 0x04dc4d90, 0x04de0000)
  to   space 768K,   0% used [0x04c60000, 0x04c60000, 0x04d20000)
 tenured generation   total 16068K, used 12901K [0x09b50000, 0x0ab01000, 0x14600000)
   the space 16068K,  80% used [0x09b50000, 0x0a7e9640, 0x0a7e9800, 0x0ab01000)
 Metaspace       used 15067K, capacity 15226K, committed 15232K, reserved 15744K
Event: 2.642 GC heap after
Heap after GC invocations=43 (full 1):
 def new generation   total 7296K, used 724K [0x04600000, 0x04de0000, 0x09b50000)
  eden space 6528K,   0% used [0x04600000, 0x04600000, 0x04c60000)
  from space 768K,  94% used [0x04c60000, 0x04d15118, 0x04d20000)
  to   space 768K,   0% used [0x04d20000, 0x04d20000, 0x04de0000)
 tenured generation   total 16068K, used 13325K [0x09b50000, 0x0ab01000, 0x14600000)
   the space 16068K,  82% used [0x09b50000, 0x0a853728, 0x0a853800, 0x0ab01000)
 Metaspace       used 15067K, capacity 15226K, committed 15232K, reserved 15744K
}
Event: 2.696 GC heap before
{Heap before GC invocations=43 (full 1):
 def new generation   total 7296K, used 7252K [0x04600000, 0x04de0000, 0x09b50000)
  eden space 6528K, 100% used [0x04600000, 0x04c60000, 0x04c60000)
  from space 768K,  94% used [0x04c60000, 0x04d15118, 0x04d20000)
  to   space 768K,   0% used [0x04d20000, 0x04d20000, 0x04de0000)
 tenured generation   total 16068K, used 13325K [0x09b50000, 0x0ab01000, 0x14600000)
   the space 16068K,  82% used [0x09b50000, 0x0a853728, 0x0a853800, 0x0ab01000)
 Metaspace       used 15193K, capacity 15356K, committed 15360K, reserved 15744K
Event: 2.698 GC heap after
Heap after GC invocations=44 (full 1):
 def new generation   total 7296K, used 469K [0x04600000, 0x04de0000, 0x09b50000)
  eden space 6528K,   0% used [0x04600000, 0x04600000, 0x04c60000)
  from space 768K,  61% used [0x04d20000, 0x04d95518, 0x04de0000)
  to   space 768K,   0% used [0x04c60000, 0x04c60000, 0x04d20000)
 tenured generation   total 16068K, used 13689K [0x09b50000, 0x0ab01000, 0x14600000)
   the space 16068K,  85% used [0x09b50000, 0x0a8ae498, 0x0a8ae600, 0x0ab01000)
 Metaspace       used 15193K, capacity 15356K, committed 15360K, reserved 15744K
}
Event: 2.745 GC heap before
{Heap before GC invocations=44 (full 1):
 def new generation   total 7296K, used 6997K [0x04600000, 0x04de0000, 0x09b50000)
  eden space 6528K, 100% used [0x04600000, 0x04c60000, 0x04c60000)
  from space 768K,  61% used [0x04d20000, 0x04d95518, 0x04de0000)
  to   space 768K,   0% used [0x04c60000, 0x04c60000, 0x04d20000)
 tenured generation   total 16068K, used 13689K [0x09b50000, 0x0ab01000, 0x14600000)
   the space 16068K,  85% used [0x09b50000, 0x0a8ae498, 0x0a8ae600, 0x0ab01000)
 Metaspace       used 15252K, capacity 15393K, committed 15488K, reserved 15744K
Event: 2.747 GC heap after
Heap after GC invocations=45 (full 1):
 def new generation   total 7296K, used 379K [0x04600000, 0x04de0000, 0x09b50000)
  eden space 6528K,   0% used [0x04600000, 0x04600000, 0x04c60000)
  from space 768K,  49% used [0x04c60000, 0x04cbee60, 0x04d20000)
  to   space 768K,   0% used [0x04d20000, 0x04d20000, 0x04de0000)
 tenured generation   total 16068K, used 13999K [0x09b50000, 0x0ab01000, 0x14600000)
   the space 16068K,  87% used [0x09b50000, 0x0a8fbcf0, 0x0a8fbe00, 0x0ab01000)
 Metaspace       used 15252K, capacity 15393K, committed 15488K, reserved 15744K
}
Event: 2.806 GC heap before
{Heap before GC invocations=45 (full 1):
 def new generation   total 7296K, used 6312K [0x04600000, 0x04de0000, 0x09b50000)
  eden space 6528K,  90% used [0x04600000, 0x04bcb330, 0x04c60000)
  from space 768K,  49% used [0x04c60000, 0x04cbee60, 0x04d20000)
  to   space 768K,   0% used [0x04d20000, 0x04d20000, 0x04de0000)
 tenured generation   total 16068K, used 13999K [0x09b50000, 0x0ab01000, 0x14600000)
   the space 16068K,  87% used [0x09b50000, 0x0a8fbcf0, 0x0a8fbe00, 0x0ab01000)
 Metaspace       used 15617K, capacity 15777K, committed 15872K, reserved 16768K
Event: 2.809 GC heap after
Heap after GC invocations=46 (full 1):
 def new generation   total 7296K, used 768K [0x04600000, 0x04de0000, 0x09b50000)
  eden space 6528K,   0% used [0x04600000, 0x04600000, 0x04c60000)
  from space 768K, 100% used [0x04d20000, 0x04de0000, 0x04de0000)
  to   space 768K,   0% used [0x04c60000, 0x04c60000, 0x04d20000)
 tenured generation   total 16068K, used 14206K [0x09b50000, 0x0ab01000, 0x14600000)
   the space 16068K,  88% used [0x09b50000, 0x0a92f860, 0x0a92fa00, 0x0ab01000)
 Metaspace       used 15617K, capacity 15777K, committed 15872K, reserved 16768K
}
Event: 3.870 GC heap before
{Heap before GC invocations=46 (full 1):
 def new generation   total 7296K, used 7296K [0x04600000, 0x04de0000, 0x09b50000)
  eden space 6528K, 100% used [0x04600000, 0x04c60000, 0x04c60000)
  from space 768K, 100% used [0x04d20000, 0x04de0000, 0x04de0000)
  to   space 768K,   0% used [0x04c60000, 0x04c60000, 0x04d20000)
 tenured generation   total 16068K, used 14206K [0x09b50000, 0x0ab01000, 0x14600000)
   the space 16068K,  88% used [0x09b50000, 0x0a92f860, 0x0a92fa00, 0x0ab01000)
 Metaspace       used 16196K, capacity 16358K, committed 16512K, reserved 16768K

Deoptimization events (0 events):
No events

Internal exceptions (10 events):
Event: 3.867 Thread 0x16605000 Exception <a 'java/security/PrivilegedActionException'> (0x04c2b4b8) thrown at [C:\re\workspace\8-2-build-windows-i586-cygwin\jdk8u31\2394\hotspot\src\share\vm\prims\jvm.cpp, line 1312]
Event: 3.867 Thread 0x16605000 Exception <a 'java/security/PrivilegedActionException'> (0x04c2c368) thrown at [C:\re\workspace\8-2-build-windows-i586-cygwin\jdk8u31\2394\hotspot\src\share\vm\prims\jvm.cpp, line 1312]
Event: 3.867 Thread 0x16605000 Exception <a 'java/security/PrivilegedActionException'> (0x04c32c78) thrown at [C:\re\workspace\8-2-build-windows-i586-cygwin\jdk8u31\2394\hotspot\src\share\vm\prims\jvm.cpp, line 1312]
Event: 3.868 Thread 0x16605000 Exception <a 'java/lang/ClassNotFoundException': org/springframework/web/servlet/theme/AbstractThemeResolverCustomizer> (0x04c348c8) thrown at [C:\re\workspace\8-2-build-windows-i586-cygwin\jdk8u31\2394\hotspot\src\share\vm\classfile\systemDictionary.cpp, êQ.¥†ñ@
Event: 3.868 Thread 0x16605000 Exception <a 'java/security/PrivilegedActionException'> (0x04c39070) thrown at [C:\re\workspace\8-2-build-windows-i586-cygwin\jdk8u31\2394\hotspot\src\share\vm\prims\jvm.cpp, line 1312]
Event: 3.868 Thread 0x16605000 Exception <a 'java/security/PrivilegedActionException'> (0x04c3f698) thrown at [C:\re\workspace\8-2-build-windows-i586-cygwin\jdk8u31\2394\hotspot\src\share\vm\prims\jvm.cpp, line 1312]
Event: 3.868 Thread 0x16605000 Exception <a 'java/security/PrivilegedActionException'> (0x04c404e8) thrown at [C:\re\workspace\8-2-build-windows-i586-cygwin\jdk8u31\2394\hotspot\src\share\vm\prims\jvm.cpp, line 1312]
Event: 3.868 Thread 0x16605000 Exception <a 'java/security/PrivilegedActionException'> (0x04c46b40) thrown at [C:\re\workspace\8-2-build-windows-i586-cygwin\jdk8u31\2394\hotspot\src\share\vm\prims\jvm.cpp, line 1312]
Event: 3.869 Thread 0x16605000 Exception <a 'java/lang/ClassNotFoundException': org/springframework/web/servlet/theme/FixedThemeResolverCustomizer> (0x04c48718) thrown at [C:\re\workspace\8-2-build-windows-i586-cygwin\jdk8u31\2394\hotspot\src\share\vm\classfile\systemDictionary.cpp, linFè×©ô@
Event: 3.869 Thread 0x16605000 Exception <a 'java/security/PrivilegedActionException'> (0x04c50d58) thrown at [C:\re\workspace\8-2-build-windows-i586-cygwin\jdk8u31\2394\hotspot\src\share\vm\prims\jvm.cpp, line 1312]

Events (10 events):
Event: 3.868 loading class org/springframework/web/servlet/theme/AbstractThemeResolverCustomizer done
Event: 3.868 loading class org/springframework/web/servlet/theme/FixedThemeResolverCustomizer
Event: 3.868 loading class org/springframework/web/servlet/theme/FixedThemeResolverCustomizer done
Event: 3.868 loading class org/springframework/web/servlet/theme/FixedThemeResolverCustomizer
Event: 3.868 loading class org/springframework/web/servlet/theme/FixedThemeResolverCustomizer done
Event: 3.869 loading class org/springframework/web/servlet/theme/FixedThemeResolverCustomizer
Event: 3.869 loading class org/springframework/web/servlet/theme/FixedThemeResolverCustomizer done
Event: 3.869 loading class org/springframework/web/servlet/view/DefaultRequestToViewNameTranslator
Event: 3.869 loading class org/springframework/web/servlet/view/DefaultRequestToViewNameTranslator done
Event: 3.870 Executing VM operation: GenCollectForAllocation


Dynamic libraries:
0x00250000 - 0x00280000 	C:\Program Files (x86)\Java\jre1.8.0_31\bin\javaw.exe
0x77980000 - 0x77b00000 	C:\Windows\SysWOW64\ntdll.dll
0x77210000 - 0x77310000 	C:\Windows\syswow64\kernel32.dll
0x76bc0000 - 0x76c06000 	C:\Windows\syswow64\KERNELBASE.dll
0x757c0000 - 0x75860000 	C:\Windows\syswow64\ADVAPI32.dll
0x770a0000 - 0x7714c000 	C:\Windows\syswow64\msvcrt.dll
0x77560000 - 0x77579000 	C:\Windows\SysWOW64\sechost.dll
0x76600000 - 0x766f0000 	C:\Windows\syswow64\RPCRT4.dll
0x754f0000 - 0x75550000 	C:\Windows\syswow64\SspiCli.dll
0x754e0000 - 0x754ec000 	C:\Windows\syswow64\CRYPTBASE.dll
0x76790000 - 0x76890000 	C:\Windows\syswow64\USER32.dll
0x76b30000 - 0x76bc0000 	C:\Windows\syswow64\GDI32.dll
0x77150000 - 0x7715a000 	C:\Windows\syswow64\LPK.dll
0x77360000 - 0x773fd000 	C:\Windows\syswow64\USP10.dll
0x70690000 - 0x7082e000 	C:\Windows\WinSxS\x86_microsoft.windows.common-controls_6595b64144ccf1df_6.0.7600.16385_none_421189da2b7fabfc\COMCTL32.dll
0x75690000 - 0x756e7000 	C:\Windows\syswow64\SHLWAPI.dll
0x756f0000 - 0x75750000 	C:\Windows\system32\IMM32.DLL
0x76530000 - 0x765fc000 	C:\Windows\syswow64\MSCTF.dll
0x61230000 - 0x612ef000 	C:\Program Files (x86)\Java\jre1.8.0_31\bin\msvcr100.dll
0x60560000 - 0x60904000 	C:\Program Files (x86)\Java\jre1.8.0_31\bin\client\jvm.dll
0x74290000 - 0x74297000 	C:\Windows\system32\WSOCK32.dll
0x77520000 - 0x77555000 	C:\Windows\syswow64\WS2_32.dll
0x76dd0000 - 0x76dd6000 	C:\Windows\syswow64\NSI.dll
0x705d0000 - 0x70602000 	C:\Windows\system32\WINMM.dll
0x77950000 - 0x77955000 	C:\Windows\syswow64\PSAPI.DLL
0x69ee0000 - 0x69eec000 	C:\Program Files (x86)\Java\jre1.8.0_31\bin\verify.dll
0x617e0000 - 0x61801000 	C:\Program Files (x86)\Java\jre1.8.0_31\bin\java.dll
0x615e0000 - 0x615f3000 	C:\Program Files (x86)\Java\jre1.8.0_31\bin\zip.dll
0x75860000 - 0x764a9000 	C:\Windows\syswow64\SHELL32.dll
0x76c10000 - 0x76d6c000 	C:\Windows\syswow64\ole32.dll
0x73780000 - 0x7378b000 	C:\Windows\system32\profapi.dll
0x69dc0000 - 0x69dca000 	C:\Program Files (x86)\Java\jre1.8.0_31\bin\management.dll
0x60540000 - 0x60555000 	C:\Program Files (x86)\Java\jre1.8.0_31\bin\net.dll
0x715b0000 - 0x715ec000 	C:\Windows\system32\mswsock.dll
0x71590000 - 0x71596000 	C:\Windows\System32\wship6.dll
0x711e0000 - 0x711f0000 	C:\Windows\system32\NLAapi.dll
0x74050000 - 0x74094000 	C:\Windows\system32\DNSAPI.dll
0x71580000 - 0x71588000 	C:\Windows\System32\winrnr.dll
0x71570000 - 0x71580000 	C:\Windows\system32\napinsp.dll
0x71550000 - 0x71562000 	C:\Windows\system32\pnrpnsp.dll
0x71520000 - 0x71544000 	c:\Program Files (x86)\Common Files\Microsoft Shared\Windows Live\WLIDNSP.DLL
0x715a0000 - 0x715a5000 	C:\Windows\System32\wshtcpip.dll
0x74250000 - 0x7426c000 	C:\Windows\system32\IPHLPAPI.DLL
0x74240000 - 0x74247000 	C:\Windows\system32\WINNSI.DLL
0x713d0000 - 0x713d6000 	C:\Windows\system32\rasadhlp.dll
0x71610000 - 0x71648000 	C:\Windows\System32\fwpuclnt.dll
0x73640000 - 0x73656000 	C:\Windows\system32\CRYPTSP.dll
0x73360000 - 0x7339b000 	C:\Windows\system32\rsaenh.dll
0x73790000 - 0x737a7000 	C:\Windows\system32\USERENV.dll
0x71170000 - 0x7117d000 	C:\Windows\system32\dhcpcsvc6.DLL
0x71150000 - 0x71162000 	C:\Windows\system32\dhcpcsvc.DLL
0x60530000 - 0x6053f000 	C:\Program Files (x86)\Java\jre1.8.0_31\bin\nio.dll
0x716c0000 - 0x717ab000 	C:\Windows\system32\dbghelp.dll

VM Arguments:
jvm_args: -Dfile.encoding=UTF-8 
java_command: filmator.ServidorWeb
java_class_path (initial): C:\Users\Talles\Crescer\Meus Arquivos\Java - Eclipse\filmator-web\target\classes;C:\Users\Talles\.m2\repository\org\springframework\boot\spring-boot-starter-mustache\1.2.3.RELEASE\spring-boot-starter-mustache-1.2.3.RELEASE.jar;C:\Users\Talles\.m2\repository\org\springframework\boot\spring-boot-starter\1.2.3.RELEASE\spring-boot-starter-1.2.3.RELEASE.jar;C:\Users\Talles\.m2\repository\org\springframework\boot\spring-boot\1.2.3.RELEASE\spring-boot-1.2.3.RELEASE.jar;C:\Users\Talles\.m2\repository\org\springframework\boot\spring-boot-autoconfigure\1.2.3.RELEASE\spring-boot-autoconfigure-1.2.3.RELEASE.jar;C:\Users\Talles\.m2\repository\org\springframework\boot\spring-boot-starter-logging\1.2.3.RELEASE\spring-boot-starter-logging-1.2.3.RELEASE.jar;C:\Users\Talles\.m2\repository\org\slf4j\jcl-over-slf4j\1.7.11\jcl-over-slf4j-1.7.11.jar;C:\Users\Talles\.m2\repository\org\slf4j\slf4j-api\1.7.11\slf4j-api-1.7.11.jar;C:\Users\Talles\.m2\repository\org\slf4j\jul-to-slf4j\1.7.11\jul-to-slf4j-1.7.11.jar;C:\Users\Talles\.m2\repository\org\slf4j\log4j-over-slf4j\1.7.11\log4j-over-slf4j-1.7.11.jar;C:\Users\Talles\.m2\repository\ch\qos\logback\logback-classic\1.1.3\logback-classic-1.1.3.jar;C:\Users\Talles\.m2\repository\ch\qos\logback\logback-core\1.1.3\logback-core-1.1.3.jar;C:\Users\Talles\.m2\repository\org\yaml\snakeyaml\1.14\snakeyaml-1.14.jar;C:\Users\Talles\.m2\repository\com\samskivert\jmustache\1.10\jmustache-1.10.jar;C:\Users\Talles\.m2\repository\org\springframework\spring-core\4.1.6.RELEASE\spring-core-4.1.6.RELEASE.jar;C:\Users\Talles\.m2\repository\org\springframework\boot\spring-boot-starter-web\1.2.3.RELEASE\spring-boot-starter-web-1.2.3.RELEASE.jar;C:\Users\Talles\.m2\repository\org\springframework\boot\spring-boot-starter-tomcat\1.2.3.RELEASE\spring-boot-starter-tomcat-1.2.3.RELEASE.jar;C:\Users\Talles\.m2\repository\org\apache\tomcat\embed\tomcat-embed-core\8.0.20\tomcat-embed-core-8.0.20.jar;C:\Users\Talles\.m2\repository\org\apache\to
Launcher Type: SUN_STANDARD

Environment Variables:
PATH=C:/Program Files (x86)/Java/jre1.8.0_45/bin/client;C:/Program Files (x86)/Java/jre1.8.0_45/bin;C:/Program Files (x86)/Java/jre1.8.0_45/lib/i386;C:\ProgramData\Oracle\Java\javapath;C:\Program Files (x86)\Common Files\Microsoft Shared\Windows Live;C:\Windows\system32;C:\Windows;C:\Windows\System32\Wbem;C:\Windows\System32\WindowsPowerShell\v1.0\;C:\Program Files (x86)\Skype\Phone\;C:\Program Files (x86)\NVIDIA Corporation\PhysX\Common;C:\Program Files\Common Files\Microsoft Shared\Windows Live;C:\Users\Talles\Downloads\eclipse;
USERNAME=Talles
OS=Windows_NT
PROCESSOR_IDENTIFIER=Intel64 Family 6 Model 42 Stepping 7, GenuineIntel



---------------  S Y S T E M  ---------------

OS: Windows 7 , 64 bit Build 7600 

CPU:total 4 (4 cores per cpu, 1 threads per core) family 6 model 42 stepping 7, cmov, cx8, fxsr, mmx, sse, sse2, sse3, ssse3, sse4.1, sse4.2, popcnt, aes, clmul, tsc, tscinvbit

Memory: 4k page, physical 8366552k(4514596k free), swap 16731208k(12379468k free)

vm_info: Java HotSpot(TM) Client VM (25.31-b07) for windows-x86 JRE (1.8.0_31-b13), built on Dec 17 2014 20:46:12 by "java_re" with MS VC++ 10.0 (VS2010)

time: Fri May 22 23:17:11 2015
elapsed time: 3 seconds (0d 0h 0m 3s)

